2018-02-09 14:51:34,901 ERROR 1964 [index/index.js] server render bundle error, try client render, the server render error Error: read webpack memory file[/Users/b004577/Documents/workshop/wechatEggVue/app/view/index/index.js] content is empty, please check if the file exists
    at /Users/b004577/Documents/workshop/wechatEggVue/node_modules/egg-webpack-vue/app.js:20:17
    at Generator.next (<anonymous>)
    at onFulfilled (/Users/b004577/Documents/workshop/wechatEggVue/node_modules/co/index.js:65:19)
    at <anonymous>
    at process._tickCallback (internal/process/next_tick.js:188:7)
2018-02-09 14:52:59,509 ERROR 2071 [index/index.js] server render bundle error, try client render, the server render error Error: read webpack memory file[/Users/b004577/Documents/workshop/wechatEggVue/app/view/index/index.js] content is empty, please check if the file exists
    at /Users/b004577/Documents/workshop/wechatEggVue/node_modules/egg-webpack-vue/app.js:20:17
    at Generator.next (<anonymous>)
    at onFulfilled (/Users/b004577/Documents/workshop/wechatEggVue/node_modules/co/index.js:65:19)
    at <anonymous>
    at process._tickCallback (internal/process/next_tick.js:188:7)
2018-02-09 14:53:05,971 ERROR 2068 [-/192.168.106.127/-/16ms GET /wechat] nodejs.TypeError: Cannot read property 'appID' of undefined
    at new Wechat (/Users/b004577/Documents/workshop/wechatEggVue/app/wechat/wechat.js:14:21)
    at WechatController.index (/Users/b004577/Documents/workshop/wechatEggVue/app/controller/wechat/wechat.js:14:20)
    at Object.callFn (/Users/b004577/Documents/workshop/wechatEggVue/node_modules/egg-core/lib/utils/index.js:44:21)
    at Object.classControllerMiddleware (/Users/b004577/Documents/workshop/wechatEggVue/node_modules/egg-core/lib/loader/mixin/controller.js:84:20)
    at Object.callFn (/Users/b004577/Documents/workshop/wechatEggVue/node_modules/egg-core/lib/utils/index.js:44:21)
    at wrappedController (/Users/b004577/Documents/workshop/wechatEggVue/node_modules/egg-core/lib/utils/router.js:322:18)
    at dispatch (/Users/b004577/Documents/workshop/wechatEggVue/node_modules/koa-router/node_modules/koa-compose/index.js:44:32)
    at next (/Users/b004577/Documents/workshop/wechatEggVue/node_modules/koa-router/node_modules/koa-compose/index.js:45:18)
    at /Users/b004577/Documents/workshop/wechatEggVue/node_modules/koa-router/lib/router.js:346:16
    at dispatch (/Users/b004577/Documents/workshop/wechatEggVue/node_modules/koa-router/node_modules/koa-compose/index.js:44:32)
    at /Users/b004577/Documents/workshop/wechatEggVue/node_modules/koa-router/node_modules/koa-compose/index.js:36:12
    at dispatch (/Users/b004577/Documents/workshop/wechatEggVue/node_modules/koa-router/lib/router.js:351:31)
    at dispatch (/Users/b004577/Documents/workshop/wechatEggVue/node_modules/koa-compose/index.js:42:32)
    at next (/Users/b004577/Documents/workshop/wechatEggVue/node_modules/koa-compose/index.js:43:18)
    at createGenerator (/Users/b004577/Documents/workshop/wechatEggVue/node_modules/koa-convert/index.js:24:16)
    at createGenerator.next (<anonymous>)

pid: 2068
hostname: a4285760

2018-02-09 15:52:49,215 ERROR 2213 nodejs.ClusterClientNoResponseError: client no response in 3038626ms exceeding maxIdleTime 60000ms, maybe the connection is close on other side.
    at Timeout.Leader._heartbeatTimer.setInterval [as _onTimeout] (/Users/b004577/Documents/workshop/wechatEggVue/node_modules/cluster-client/lib/leader.js:73:23)
    at ontimeout (timers.js:475:11)
    at tryOnTimeout (timers.js:310:5)
    at Timer.listOnTimeout (timers.js:270:5)
name: 'ClusterClientNoResponseError'
pid: 2213
hostname: a4285760

2018-02-09 15:52:49,216 ERROR 2213 nodejs.ClusterClientNoResponseError: client no response in 3038610ms exceeding maxIdleTime 60000ms, maybe the connection is close on other side.
    at Timeout.Leader._heartbeatTimer.setInterval [as _onTimeout] (/Users/b004577/Documents/workshop/wechatEggVue/node_modules/cluster-client/lib/leader.js:73:23)
    at ontimeout (timers.js:475:11)
    at tryOnTimeout (timers.js:310:5)
    at Timer.listOnTimeout (timers.js:270:5)
name: 'ClusterClientNoResponseError'
pid: 2213
hostname: a4285760

2018-02-09 15:52:49,217 ERROR 2213 nodejs.ClusterClientNoResponseError: client no response in 3038610ms exceeding maxIdleTime 60000ms, maybe the connection is close on other side.
    at Timeout.Leader._heartbeatTimer.setInterval [as _onTimeout] (/Users/b004577/Documents/workshop/wechatEggVue/node_modules/cluster-client/lib/leader.js:73:23)
    at ontimeout (timers.js:475:11)
    at tryOnTimeout (timers.js:310:5)
    at Timer.listOnTimeout (timers.js:270:5)
name: 'ClusterClientNoResponseError'
pid: 2213
hostname: a4285760

2018-02-09 15:52:49,217 ERROR 2213 nodejs.ClusterClientNoResponseError: client no response in 3038602ms exceeding maxIdleTime 60000ms, maybe the connection is close on other side.
    at Timeout.Leader._heartbeatTimer.setInterval [as _onTimeout] (/Users/b004577/Documents/workshop/wechatEggVue/node_modules/cluster-client/lib/leader.js:73:23)
    at ontimeout (timers.js:475:11)
    at tryOnTimeout (timers.js:310:5)
    at Timer.listOnTimeout (timers.js:270:5)
name: 'ClusterClientNoResponseError'
pid: 2213
hostname: a4285760

2018-02-09 15:56:50,642 ERROR 2563 [-/192.168.20.78/-/11ms GET /wechat] nodejs.TypeError: Cannot read property 'appID' of undefined
    at new Wechat (/Users/b004577/Documents/workshop/wechatEggVue/app/wechat/wechat.js:14:21)
    at WechatController.index (/Users/b004577/Documents/workshop/wechatEggVue/app/controller/wechat/wechat.js:14:20)
    at Object.callFn (/Users/b004577/Documents/workshop/wechatEggVue/node_modules/egg-core/lib/utils/index.js:44:21)
    at Object.classControllerMiddleware (/Users/b004577/Documents/workshop/wechatEggVue/node_modules/egg-core/lib/loader/mixin/controller.js:84:20)
    at Object.callFn (/Users/b004577/Documents/workshop/wechatEggVue/node_modules/egg-core/lib/utils/index.js:44:21)
    at wrappedController (/Users/b004577/Documents/workshop/wechatEggVue/node_modules/egg-core/lib/utils/router.js:322:18)
    at dispatch (/Users/b004577/Documents/workshop/wechatEggVue/node_modules/koa-router/node_modules/koa-compose/index.js:44:32)
    at next (/Users/b004577/Documents/workshop/wechatEggVue/node_modules/koa-router/node_modules/koa-compose/index.js:45:18)
    at /Users/b004577/Documents/workshop/wechatEggVue/node_modules/koa-router/lib/router.js:346:16
    at dispatch (/Users/b004577/Documents/workshop/wechatEggVue/node_modules/koa-router/node_modules/koa-compose/index.js:44:32)
    at /Users/b004577/Documents/workshop/wechatEggVue/node_modules/koa-router/node_modules/koa-compose/index.js:36:12
    at dispatch (/Users/b004577/Documents/workshop/wechatEggVue/node_modules/koa-router/lib/router.js:351:31)
    at dispatch (/Users/b004577/Documents/workshop/wechatEggVue/node_modules/koa-compose/index.js:42:32)
    at next (/Users/b004577/Documents/workshop/wechatEggVue/node_modules/koa-compose/index.js:43:18)
    at createGenerator (/Users/b004577/Documents/workshop/wechatEggVue/node_modules/koa-convert/index.js:24:16)
    at createGenerator.next (<anonymous>)

pid: 2563
hostname: a4285760

2018-02-09 15:58:20,203 ERROR 2560 [-/192.168.20.78/-/4ms GET /wechat] nodejs.TypeError: Cannot read property 'appID' of undefined
    at new Wechat (/Users/b004577/Documents/workshop/wechatEggVue/app/wechat/wechat.js:14:21)
    at WechatController.index (/Users/b004577/Documents/workshop/wechatEggVue/app/controller/wechat/wechat.js:14:20)
    at Object.callFn (/Users/b004577/Documents/workshop/wechatEggVue/node_modules/egg-core/lib/utils/index.js:44:21)
    at Object.classControllerMiddleware (/Users/b004577/Documents/workshop/wechatEggVue/node_modules/egg-core/lib/loader/mixin/controller.js:84:20)
    at Object.callFn (/Users/b004577/Documents/workshop/wechatEggVue/node_modules/egg-core/lib/utils/index.js:44:21)
    at wrappedController (/Users/b004577/Documents/workshop/wechatEggVue/node_modules/egg-core/lib/utils/router.js:322:18)
    at dispatch (/Users/b004577/Documents/workshop/wechatEggVue/node_modules/koa-router/node_modules/koa-compose/index.js:44:32)
    at next (/Users/b004577/Documents/workshop/wechatEggVue/node_modules/koa-router/node_modules/koa-compose/index.js:45:18)
    at /Users/b004577/Documents/workshop/wechatEggVue/node_modules/koa-router/lib/router.js:346:16
    at dispatch (/Users/b004577/Documents/workshop/wechatEggVue/node_modules/koa-router/node_modules/koa-compose/index.js:44:32)
    at /Users/b004577/Documents/workshop/wechatEggVue/node_modules/koa-router/node_modules/koa-compose/index.js:36:12
    at dispatch (/Users/b004577/Documents/workshop/wechatEggVue/node_modules/koa-router/lib/router.js:351:31)
    at dispatch (/Users/b004577/Documents/workshop/wechatEggVue/node_modules/koa-compose/index.js:42:32)
    at next (/Users/b004577/Documents/workshop/wechatEggVue/node_modules/koa-compose/index.js:43:18)
    at createGenerator (/Users/b004577/Documents/workshop/wechatEggVue/node_modules/koa-convert/index.js:24:16)
    at createGenerator.next (<anonymous>)

pid: 2560
hostname: a4285760

2018-02-09 16:00:59,695 ERROR 2560 [-/192.168.20.78/-/0ms GET /wechat] nodejs.TypeError: Cannot read property 'appID' of undefined
    at new Wechat (/Users/b004577/Documents/workshop/wechatEggVue/app/wechat/wechat.js:14:21)
    at WechatController.index (/Users/b004577/Documents/workshop/wechatEggVue/app/controller/wechat/wechat.js:14:20)
    at Object.callFn (/Users/b004577/Documents/workshop/wechatEggVue/node_modules/egg-core/lib/utils/index.js:44:21)
    at Object.classControllerMiddleware (/Users/b004577/Documents/workshop/wechatEggVue/node_modules/egg-core/lib/loader/mixin/controller.js:84:20)
    at Object.callFn (/Users/b004577/Documents/workshop/wechatEggVue/node_modules/egg-core/lib/utils/index.js:44:21)
    at wrappedController (/Users/b004577/Documents/workshop/wechatEggVue/node_modules/egg-core/lib/utils/router.js:322:18)
    at dispatch (/Users/b004577/Documents/workshop/wechatEggVue/node_modules/koa-router/node_modules/koa-compose/index.js:44:32)
    at next (/Users/b004577/Documents/workshop/wechatEggVue/node_modules/koa-router/node_modules/koa-compose/index.js:45:18)
    at /Users/b004577/Documents/workshop/wechatEggVue/node_modules/koa-router/lib/router.js:346:16
    at dispatch (/Users/b004577/Documents/workshop/wechatEggVue/node_modules/koa-router/node_modules/koa-compose/index.js:44:32)
    at /Users/b004577/Documents/workshop/wechatEggVue/node_modules/koa-router/node_modules/koa-compose/index.js:36:12
    at dispatch (/Users/b004577/Documents/workshop/wechatEggVue/node_modules/koa-router/lib/router.js:351:31)
    at dispatch (/Users/b004577/Documents/workshop/wechatEggVue/node_modules/koa-compose/index.js:42:32)
    at next (/Users/b004577/Documents/workshop/wechatEggVue/node_modules/koa-compose/index.js:43:18)
    at createGenerator (/Users/b004577/Documents/workshop/wechatEggVue/node_modules/koa-convert/index.js:24:16)
    at createGenerator.next (<anonymous>)

pid: 2560
hostname: a4285760

2018-02-09 16:01:59,135 ERROR 2770 [-/192.168.20.78/-/21ms GET /wechat] nodejs.TypeError: Cannot read property 'appID' of undefined
    at new Wechat (/Users/b004577/Documents/workshop/wechatEggVue/app/wechat/wechat.js:14:21)
    at WechatController.index (/Users/b004577/Documents/workshop/wechatEggVue/app/controller/wechat/wechat.js:14:20)
    at Object.callFn (/Users/b004577/Documents/workshop/wechatEggVue/node_modules/egg-core/lib/utils/index.js:44:21)
    at Object.classControllerMiddleware (/Users/b004577/Documents/workshop/wechatEggVue/node_modules/egg-core/lib/loader/mixin/controller.js:84:20)
    at Object.callFn (/Users/b004577/Documents/workshop/wechatEggVue/node_modules/egg-core/lib/utils/index.js:44:21)
    at wrappedController (/Users/b004577/Documents/workshop/wechatEggVue/node_modules/egg-core/lib/utils/router.js:322:18)
    at dispatch (/Users/b004577/Documents/workshop/wechatEggVue/node_modules/koa-router/node_modules/koa-compose/index.js:44:32)
    at next (/Users/b004577/Documents/workshop/wechatEggVue/node_modules/koa-router/node_modules/koa-compose/index.js:45:18)
    at /Users/b004577/Documents/workshop/wechatEggVue/node_modules/koa-router/lib/router.js:346:16
    at dispatch (/Users/b004577/Documents/workshop/wechatEggVue/node_modules/koa-router/node_modules/koa-compose/index.js:44:32)
    at /Users/b004577/Documents/workshop/wechatEggVue/node_modules/koa-router/node_modules/koa-compose/index.js:36:12
    at dispatch (/Users/b004577/Documents/workshop/wechatEggVue/node_modules/koa-router/lib/router.js:351:31)
    at dispatch (/Users/b004577/Documents/workshop/wechatEggVue/node_modules/koa-compose/index.js:42:32)
    at next (/Users/b004577/Documents/workshop/wechatEggVue/node_modules/koa-compose/index.js:43:18)
    at createGenerator (/Users/b004577/Documents/workshop/wechatEggVue/node_modules/koa-convert/index.js:24:16)
    at createGenerator.next (<anonymous>)

pid: 2770
hostname: a4285760

2018-02-09 16:03:27,349 ERROR 2807 [-/192.168.20.78/-/16ms GET /wechat] nodejs.TypeError: Cannot read property 'appID' of undefined
    at new Wechat (/Users/b004577/Documents/workshop/wechatEggVue/app/wechat/wechat.js:15:21)
    at WechatController.index (/Users/b004577/Documents/workshop/wechatEggVue/app/controller/wechat/wechat.js:14:20)
    at Object.callFn (/Users/b004577/Documents/workshop/wechatEggVue/node_modules/egg-core/lib/utils/index.js:44:21)
    at Object.classControllerMiddleware (/Users/b004577/Documents/workshop/wechatEggVue/node_modules/egg-core/lib/loader/mixin/controller.js:84:20)
    at Object.callFn (/Users/b004577/Documents/workshop/wechatEggVue/node_modules/egg-core/lib/utils/index.js:44:21)
    at wrappedController (/Users/b004577/Documents/workshop/wechatEggVue/node_modules/egg-core/lib/utils/router.js:322:18)
    at dispatch (/Users/b004577/Documents/workshop/wechatEggVue/node_modules/koa-router/node_modules/koa-compose/index.js:44:32)
    at next (/Users/b004577/Documents/workshop/wechatEggVue/node_modules/koa-router/node_modules/koa-compose/index.js:45:18)
    at /Users/b004577/Documents/workshop/wechatEggVue/node_modules/koa-router/lib/router.js:346:16
    at dispatch (/Users/b004577/Documents/workshop/wechatEggVue/node_modules/koa-router/node_modules/koa-compose/index.js:44:32)
    at /Users/b004577/Documents/workshop/wechatEggVue/node_modules/koa-router/node_modules/koa-compose/index.js:36:12
    at dispatch (/Users/b004577/Documents/workshop/wechatEggVue/node_modules/koa-router/lib/router.js:351:31)
    at dispatch (/Users/b004577/Documents/workshop/wechatEggVue/node_modules/koa-compose/index.js:42:32)
    at next (/Users/b004577/Documents/workshop/wechatEggVue/node_modules/koa-compose/index.js:43:18)
    at createGenerator (/Users/b004577/Documents/workshop/wechatEggVue/node_modules/koa-convert/index.js:24:16)
    at createGenerator.next (<anonymous>)

pid: 2807
hostname: a4285760

2018-02-09 16:03:42,079 ERROR 2815 [-/192.168.20.78/-/11ms GET /wechat] nodejs.TypeError: Cannot read property 'appID' of undefined
    at new Wechat (/Users/b004577/Documents/workshop/wechatEggVue/app/wechat/wechat.js:15:21)
    at WechatController.index (/Users/b004577/Documents/workshop/wechatEggVue/app/controller/wechat/wechat.js:14:20)
    at Object.callFn (/Users/b004577/Documents/workshop/wechatEggVue/node_modules/egg-core/lib/utils/index.js:44:21)
    at Object.classControllerMiddleware (/Users/b004577/Documents/workshop/wechatEggVue/node_modules/egg-core/lib/loader/mixin/controller.js:84:20)
    at Object.callFn (/Users/b004577/Documents/workshop/wechatEggVue/node_modules/egg-core/lib/utils/index.js:44:21)
    at wrappedController (/Users/b004577/Documents/workshop/wechatEggVue/node_modules/egg-core/lib/utils/router.js:322:18)
    at dispatch (/Users/b004577/Documents/workshop/wechatEggVue/node_modules/koa-router/node_modules/koa-compose/index.js:44:32)
    at next (/Users/b004577/Documents/workshop/wechatEggVue/node_modules/koa-router/node_modules/koa-compose/index.js:45:18)
    at /Users/b004577/Documents/workshop/wechatEggVue/node_modules/koa-router/lib/router.js:346:16
    at dispatch (/Users/b004577/Documents/workshop/wechatEggVue/node_modules/koa-router/node_modules/koa-compose/index.js:44:32)
    at /Users/b004577/Documents/workshop/wechatEggVue/node_modules/koa-router/node_modules/koa-compose/index.js:36:12
    at dispatch (/Users/b004577/Documents/workshop/wechatEggVue/node_modules/koa-router/lib/router.js:351:31)
    at dispatch (/Users/b004577/Documents/workshop/wechatEggVue/node_modules/koa-compose/index.js:42:32)
    at next (/Users/b004577/Documents/workshop/wechatEggVue/node_modules/koa-compose/index.js:43:18)
    at createGenerator (/Users/b004577/Documents/workshop/wechatEggVue/node_modules/koa-convert/index.js:24:16)
    at createGenerator.next (<anonymous>)

pid: 2815
hostname: a4285760

2018-02-09 16:04:15,390 ERROR 2820 [-/192.168.20.78/-/13ms GET /wechat] nodejs.TypeError: Cannot read property 'appID' of undefined
    at new Wechat (/Users/b004577/Documents/workshop/wechatEggVue/app/wechat/wechat.js:15:21)
    at WechatController.index (/Users/b004577/Documents/workshop/wechatEggVue/app/controller/wechat/wechat.js:14:20)
    at Object.callFn (/Users/b004577/Documents/workshop/wechatEggVue/node_modules/egg-core/lib/utils/index.js:44:21)
    at Object.classControllerMiddleware (/Users/b004577/Documents/workshop/wechatEggVue/node_modules/egg-core/lib/loader/mixin/controller.js:84:20)
    at Object.callFn (/Users/b004577/Documents/workshop/wechatEggVue/node_modules/egg-core/lib/utils/index.js:44:21)
    at wrappedController (/Users/b004577/Documents/workshop/wechatEggVue/node_modules/egg-core/lib/utils/router.js:322:18)
    at dispatch (/Users/b004577/Documents/workshop/wechatEggVue/node_modules/koa-router/node_modules/koa-compose/index.js:44:32)
    at next (/Users/b004577/Documents/workshop/wechatEggVue/node_modules/koa-router/node_modules/koa-compose/index.js:45:18)
    at /Users/b004577/Documents/workshop/wechatEggVue/node_modules/koa-router/lib/router.js:346:16
    at dispatch (/Users/b004577/Documents/workshop/wechatEggVue/node_modules/koa-router/node_modules/koa-compose/index.js:44:32)
    at /Users/b004577/Documents/workshop/wechatEggVue/node_modules/koa-router/node_modules/koa-compose/index.js:36:12
    at dispatch (/Users/b004577/Documents/workshop/wechatEggVue/node_modules/koa-router/lib/router.js:351:31)
    at dispatch (/Users/b004577/Documents/workshop/wechatEggVue/node_modules/koa-compose/index.js:42:32)
    at next (/Users/b004577/Documents/workshop/wechatEggVue/node_modules/koa-compose/index.js:43:18)
    at createGenerator (/Users/b004577/Documents/workshop/wechatEggVue/node_modules/koa-convert/index.js:24:16)
    at createGenerator.next (<anonymous>)

pid: 2820
hostname: a4285760

2018-02-09 16:04:42,533 ERROR 2825 [-/192.168.20.78/-/13ms GET /wechat] nodejs.TypeError: Cannot read property 'appID' of undefined
    at new Wechat (/Users/b004577/Documents/workshop/wechatEggVue/app/wechat/wechat.js:15:21)
    at WechatController.index (/Users/b004577/Documents/workshop/wechatEggVue/app/controller/wechat/wechat.js:14:20)
    at Object.callFn (/Users/b004577/Documents/workshop/wechatEggVue/node_modules/egg-core/lib/utils/index.js:44:21)
    at Object.classControllerMiddleware (/Users/b004577/Documents/workshop/wechatEggVue/node_modules/egg-core/lib/loader/mixin/controller.js:84:20)
    at Object.callFn (/Users/b004577/Documents/workshop/wechatEggVue/node_modules/egg-core/lib/utils/index.js:44:21)
    at wrappedController (/Users/b004577/Documents/workshop/wechatEggVue/node_modules/egg-core/lib/utils/router.js:322:18)
    at dispatch (/Users/b004577/Documents/workshop/wechatEggVue/node_modules/koa-router/node_modules/koa-compose/index.js:44:32)
    at next (/Users/b004577/Documents/workshop/wechatEggVue/node_modules/koa-router/node_modules/koa-compose/index.js:45:18)
    at /Users/b004577/Documents/workshop/wechatEggVue/node_modules/koa-router/lib/router.js:346:16
    at dispatch (/Users/b004577/Documents/workshop/wechatEggVue/node_modules/koa-router/node_modules/koa-compose/index.js:44:32)
    at /Users/b004577/Documents/workshop/wechatEggVue/node_modules/koa-router/node_modules/koa-compose/index.js:36:12
    at dispatch (/Users/b004577/Documents/workshop/wechatEggVue/node_modules/koa-router/lib/router.js:351:31)
    at dispatch (/Users/b004577/Documents/workshop/wechatEggVue/node_modules/koa-compose/index.js:42:32)
    at next (/Users/b004577/Documents/workshop/wechatEggVue/node_modules/koa-compose/index.js:43:18)
    at createGenerator (/Users/b004577/Documents/workshop/wechatEggVue/node_modules/koa-convert/index.js:24:16)
    at createGenerator.next (<anonymous>)

pid: 2825
hostname: a4285760

2018-02-09 16:05:13,750 ERROR 2836 [-/192.168.20.78/-/21ms GET /wechat] nodejs.TypeError: Cannot read property 'appID' of undefined
    at new Wechat (/Users/b004577/Documents/workshop/wechatEggVue/app/wechat/wechat.js:15:21)
    at WechatController.index (/Users/b004577/Documents/workshop/wechatEggVue/app/controller/wechat/wechat.js:14:20)
    at Object.callFn (/Users/b004577/Documents/workshop/wechatEggVue/node_modules/egg-core/lib/utils/index.js:44:21)
    at Object.classControllerMiddleware (/Users/b004577/Documents/workshop/wechatEggVue/node_modules/egg-core/lib/loader/mixin/controller.js:84:20)
    at Object.callFn (/Users/b004577/Documents/workshop/wechatEggVue/node_modules/egg-core/lib/utils/index.js:44:21)
    at wrappedController (/Users/b004577/Documents/workshop/wechatEggVue/node_modules/egg-core/lib/utils/router.js:322:18)
    at dispatch (/Users/b004577/Documents/workshop/wechatEggVue/node_modules/koa-router/node_modules/koa-compose/index.js:44:32)
    at next (/Users/b004577/Documents/workshop/wechatEggVue/node_modules/koa-router/node_modules/koa-compose/index.js:45:18)
    at /Users/b004577/Documents/workshop/wechatEggVue/node_modules/koa-router/lib/router.js:346:16
    at dispatch (/Users/b004577/Documents/workshop/wechatEggVue/node_modules/koa-router/node_modules/koa-compose/index.js:44:32)
    at /Users/b004577/Documents/workshop/wechatEggVue/node_modules/koa-router/node_modules/koa-compose/index.js:36:12
    at dispatch (/Users/b004577/Documents/workshop/wechatEggVue/node_modules/koa-router/lib/router.js:351:31)
    at dispatch (/Users/b004577/Documents/workshop/wechatEggVue/node_modules/koa-compose/index.js:42:32)
    at next (/Users/b004577/Documents/workshop/wechatEggVue/node_modules/koa-compose/index.js:43:18)
    at createGenerator (/Users/b004577/Documents/workshop/wechatEggVue/node_modules/koa-convert/index.js:24:16)
    at createGenerator.next (<anonymous>)

pid: 2836
hostname: a4285760

2018-02-09 16:08:59,576 ERROR 2847 nodejs.unhandledRejectionError: ENOENT: no such file or directory, open '/Users/b004577/Documents/workshop/wechatEggVue/config/wechat.txt'
Error: ENOENT: no such file or directory, open '/Users/b004577/Documents/workshop/wechatEggVue/config/wechat.txt'
errno: -2
code: 'ENOENT'
syscall: 'open'
path: '/Users/b004577/Documents/workshop/wechatEggVue/config/wechat.txt'
name: 'unhandledRejectionError'
pid: 2847
hostname: a4285760

